[1 - Suricata-Main] 2025-05-19 19:11:27 Notice: suricata: This is Suricata version 7.0.10 RELEASE running in SYSTEM mode
[1 - Suricata-Main] 2025-05-19 19:11:27 Info: cpu: CPUs/cores online: 3
[1 - Suricata-Main] 2025-05-19 19:11:27 Info: suricata: Setting engine mode to IDS mode by default
[1 - Suricata-Main] 2025-05-19 19:11:27 Info: exception-policy: master exception-policy set to: auto
[1 - Suricata-Main] 2025-05-19 19:11:27 Info: privs: dropped the caps for main thread
[1 - Suricata-Main] 2025-05-19 19:11:27 Info: conf: Running in live mode, activating unix socket
[1 - Suricata-Main] 2025-05-19 19:11:27 Info: logopenfile: fast output device (regular) initialized: fast.log
[1 - Suricata-Main] 2025-05-19 19:11:27 Info: logopenfile: eve-log output device (regular) initialized: eve.json
[1 - Suricata-Main] 2025-05-19 19:11:27 Info: logopenfile: stats output device (regular) initialized: stats.log
[1 - Suricata-Main] 2025-05-19 19:11:27 Info: detect: 1 rule files processed. 1 rules successfully loaded, 0 rules failed, 0
[1 - Suricata-Main] 2025-05-19 19:11:27 Info: threshold-config: Threshold config parsed: 0 rule(s) found
[1 - Suricata-Main] 2025-05-19 19:11:27 Info: detect: 1 signatures processed. 0 are IP-only rules, 0 are inspecting packet payload, 0 inspect application layer, 0 are decoder event only
[1 - Suricata-Main] 2025-05-19 19:11:27 Warning: af-packet: eth1: AF_PACKET tpacket-v3 is recommended for non-inline operation
[1 - Suricata-Main] 2025-05-19 19:11:27 Info: runmodes: eth1: creating 3 threads
[1 - Suricata-Main] 2025-05-19 19:11:27 Info: unix-manager: unix socket '/var/run/suricata/suricata-command.socket'
[1 - Suricata-Main] 2025-05-19 19:11:27 Notice: threads: Threads created -> W: 3 FM: 1 FR: 1   Engine started.
[1 - Suricata-Main] 2025-05-19 19:13:31 Notice: suricata: Signal Received.  Stopping engine.
[1 - Suricata-Main] 2025-05-19 19:13:32 Info: suricata: time elapsed 124.869s
[1 - Suricata-Main] 2025-05-19 19:13:33 Info: counters: Alerts: 0
[1 - Suricata-Main] 2025-05-19 19:13:33 Notice: device: eth1: packets: 4, drops: 0 (0.00%), invalid chksum: 0
